  [1m[36m (1.2ms)[0m  [1mCREATE TABLE "schema_migrations" ("version" varchar NOT NULL) [0m
  [1m[35m (0.0ms)[0m  select sqlite_version(*)
  [1m[36m (1.0ms)[0m  [1mCREATE UNIQUE INDEX "unique_schema_migrations" ON "schema_migrations" ("version")[0m
  [1m[35mActiveRecord::SchemaMigration Load (0.1ms)[0m  SELECT "schema_migrations".* FROM "schema_migrations"
  [1m[36mActiveRecord::SchemaMigration Load (0.1ms)[0m  [1mSELECT "schema_migrations".* FROM "schema_migrations"[0m
Migrating to CreatePosts (20151230232412)
  [1m[35m (0.1ms)[0m  begin transaction
  [1m[36m (0.4ms)[0m  [1mCREATE TABLE "posts" ("id" INTEGER PRIMARY KEY AUTOINCREMENT NOT NULL, "title" varchar, "description" text, "created_at" datetime NOT NULL, "updated_at" datetime NOT NULL) [0m
  [1m[35mSQL (0.2ms)[0m  INSERT INTO "schema_migrations" ("version") VALUES (?)  [["version", "20151230232412"]]
  [1m[36m (1.3ms)[0m  [1mcommit transaction[0m
  [1m[35mActiveRecord::SchemaMigration Load (0.1ms)[0m  SELECT "schema_migrations".* FROM "schema_migrations"


Started GET "/posts/1" for ::1 at 2017-11-27 14:52:22 -0500
  [1m[36mActiveRecord::SchemaMigration Load (0.5ms)[0m  [1mSELECT "schema_migrations".* FROM "schema_migrations"[0m
Processing by PostsController#show as HTML
  Parameters: {"id"=>"1"}
  [1m[35mPost Load (0.4ms)[0m  SELECT  "posts".* FROM "posts" WHERE "posts"."id" = ? LIMIT 1  [["id", 1]]
Completed 404 Not Found in 18ms (ActiveRecord: 0.7ms)

ActiveRecord::RecordNotFound (Couldn't find Post with 'id'=1):
  app/controllers/posts_controller.rb:3:in `show'


  Rendered /Users/sethbarden/.rvm/gems/ruby-2.3.3/gems/actionpack-4.2.5/lib/action_dispatch/middleware/templates/rescues/_source.erb (4.0ms)
  Rendered /Users/sethbarden/.rvm/gems/ruby-2.3.3/gems/actionpack-4.2.5/lib/action_dispatch/middleware/templates/rescues/_trace.html.erb (2.1ms)
  Rendered /Users/sethbarden/.rvm/gems/ruby-2.3.3/gems/actionpack-4.2.5/lib/action_dispatch/middleware/templates/rescues/_request_and_response.html.erb (0.9ms)
  Rendered /Users/sethbarden/.rvm/gems/ruby-2.3.3/gems/actionpack-4.2.5/lib/action_dispatch/middleware/templates/rescues/diagnostics.html.erb within rescues/layout (77.4ms)
  Rendered /Users/sethbarden/.rvm/gems/ruby-2.3.3/gems/web-console-2.2.1/lib/web_console/templates/_markup.html.erb (0.4ms)
  Rendered /Users/sethbarden/.rvm/gems/ruby-2.3.3/gems/web-console-2.2.1/lib/web_console/templates/_inner_console_markup.html.erb within layouts/inlined_string (0.4ms)
  Rendered /Users/sethbarden/.rvm/gems/ruby-2.3.3/gems/web-console-2.2.1/lib/web_console/templates/_prompt_box_markup.html.erb within layouts/inlined_string (0.3ms)
  Rendered /Users/sethbarden/.rvm/gems/ruby-2.3.3/gems/web-console-2.2.1/lib/web_console/templates/style.css.erb within layouts/inlined_string (0.4ms)
  Rendered /Users/sethbarden/.rvm/gems/ruby-2.3.3/gems/web-console-2.2.1/lib/web_console/templates/console.js.erb within layouts/javascript (64.9ms)
  Rendered /Users/sethbarden/.rvm/gems/ruby-2.3.3/gems/web-console-2.2.1/lib/web_console/templates/main.js.erb within layouts/javascript (0.3ms)
  Rendered /Users/sethbarden/.rvm/gems/ruby-2.3.3/gems/web-console-2.2.1/lib/web_console/templates/error_page.js.erb within layouts/javascript (0.4ms)
  Rendered /Users/sethbarden/.rvm/gems/ruby-2.3.3/gems/web-console-2.2.1/lib/web_console/templates/index.html.erb (142.5ms)
  [1m[36mActiveRecord::SchemaMigration Load (1.1ms)[0m  [1mSELECT "schema_migrations".* FROM "schema_migrations"[0m
  [1m[35m (0.1ms)[0m  begin transaction
  [1m[36mSQL (1.1ms)[0m  [1mINSERT INTO "posts" ("title", "description", "created_at", "updated_at") VALUES (?, ?, ?, ?)[0m  [["title", "My 1st Post"], ["description", "Feelings"], ["created_at", "2017-11-27 19:56:59.455700"], ["updated_at", "2017-11-27 19:56:59.455700"]]
  [1m[35m (0.9ms)[0m  commit transaction
  [1m[36m (0.1ms)[0m  [1mbegin transaction[0m
  [1m[35mSQL (0.3ms)[0m  INSERT INTO "posts" ("title", "description", "created_at", "updated_at") VALUES (?, ?, ?, ?)  [["title", "My Second Post"], ["description", "Techniques"], ["created_at", "2017-11-27 19:56:59.461072"], ["updated_at", "2017-11-27 19:56:59.461072"]]
  [1m[36m (0.8ms)[0m  [1mcommit transaction[0m
  [1m[35m (0.0ms)[0m  begin transaction
  [1m[36mSQL (0.3ms)[0m  [1mINSERT INTO "posts" ("title", "description", "created_at", "updated_at") VALUES (?, ?, ?, ?)[0m  [["title", "My final post"], ["description", "Death"], ["created_at", "2017-11-27 19:56:59.463592"], ["updated_at", "2017-11-27 19:56:59.463592"]]
  [1m[35m (1.0ms)[0m  commit transaction


Started GET "/posts/1" for ::1 at 2017-11-27 14:57:14 -0500
  [1m[36mActiveRecord::SchemaMigration Load (0.1ms)[0m  [1mSELECT "schema_migrations".* FROM "schema_migrations"[0m
Processing by PostsController#show as HTML
  Parameters: {"id"=>"1"}
  [1m[35mPost Load (0.4ms)[0m  SELECT  "posts".* FROM "posts" WHERE "posts"."id" = ? LIMIT 1  [["id", 1]]
  Rendered posts/show.html.erb within layouts/application (2.9ms)
Completed 200 OK in 291ms (Views: 268.7ms | ActiveRecord: 0.7ms)


Started GET "/posts/2" for ::1 at 2017-11-27 14:57:18 -0500
Processing by PostsController#show as HTML
  Parameters: {"id"=>"2"}
  [1m[36mPost Load (0.2ms)[0m  [1mSELECT  "posts".* FROM "posts" WHERE "posts"."id" = ? LIMIT 1[0m  [["id", 2]]
  Rendered posts/show.html.erb within layouts/application (0.1ms)
Completed 200 OK in 24ms (Views: 22.3ms | ActiveRecord: 0.2ms)


Started GET "/posts/3" for ::1 at 2017-11-27 14:57:21 -0500
Processing by PostsController#show as HTML
  Parameters: {"id"=>"3"}
  [1m[35mPost Load (0.1ms)[0m  SELECT  "posts".* FROM "posts" WHERE "posts"."id" = ? LIMIT 1  [["id", 3]]
  Rendered posts/show.html.erb within layouts/application (0.1ms)
Completed 200 OK in 25ms (Views: 24.0ms | ActiveRecord: 0.1ms)
